<?xml version="1.0" encoding="UTF-8"?>
<!-- Generated by org.testng.reporters.JUnitReportReporter -->
<testsuite skipped="0" hostname="Rajdeep01" name="Test1" tests="1" failures="0" timestamp="22 Sep 2021 01:49:58 GMT" time="0.007" errors="0">
  <testcase name="testSetup" time="0.007" classname="Test1"/>
</testsuite> <!-- Test1 -->
